Reading netlist file: "C:\Users\User\Documents\GowinFPGA\fpga_traffic_light_fsm\impl\gwsynthesis\fpga_traffic_light_fsm.vg"
Parsing netlist file "C:\Users\User\Documents\GowinFPGA\fpga_traffic_light_fsm\impl\gwsynthesis\fpga_traffic_light_fsm.vg" completed
Processing netlist completed
Reading constraint file: "C:\Users\User\Documents\GowinFPGA\fpga_traffic_light_fsm\src\fpga_traffic_light_fsm.cst"
Physical Constraint parsed completed
Running placement......
[10%] Placement Phase 0 completed
[20%] Placement Phase 1 completed
[30%] Placement Phase 2 completed
[50%] Placement Phase 3 completed
Running routing......
[60%] Routing Phase 0 completed
[70%] Routing Phase 1 completed
[80%] Routing Phase 2 completed
WARN  (PR1014) : Generic routing resource will be used to clock signal 'sys_clk_d' by the specified constraint. And then it may lead to the excessive delay or skew
[90%] Routing Phase 3 completed
Running timing analysis......
[95%] Timing analysis completed
Placement and routing completed
Bitstream generation in progress......
Bitstream generation completed
Running power analysis......
[100%] Power analysis completed
Generate file "C:\Users\User\Documents\GowinFPGA\fpga_traffic_light_fsm\impl\pnr\fpga_traffic_light_fsm.power.html" completed
Generate file "C:\Users\User\Documents\GowinFPGA\fpga_traffic_light_fsm\impl\pnr\fpga_traffic_light_fsm.pin.html" completed
Generate file "C:\Users\User\Documents\GowinFPGA\fpga_traffic_light_fsm\impl\pnr\fpga_traffic_light_fsm.rpt.html" completed
Generate file "C:\Users\User\Documents\GowinFPGA\fpga_traffic_light_fsm\impl\pnr\fpga_traffic_light_fsm.rpt.txt" completed
Generate file "C:\Users\User\Documents\GowinFPGA\fpga_traffic_light_fsm\impl\pnr\fpga_traffic_light_fsm.tr.html" completed
Sun Sep 22 21:16:19 2024

